make[1]: Entering directory `/work/jerry/adcs/u-boot-adcs/mx6adcs_eimnor_config'
  GEN     ./Makefile
scripts/kconfig/conf --silentoldconfig Kconfig
  CHK     include/config.h
  GEN     include/autoconf.mk
  GEN     include/autoconf.mk.dep
make[1]: Leaving directory `/work/jerry/adcs/u-boot-adcs/mx6adcs_eimnor_config'
make[1]: Entering directory `/work/jerry/adcs/u-boot-adcs/mx6adcs_eimnor_config'
  CHK     include/config/uboot.release
  Using .. as source for U-Boot
  GEN     ./Makefile
  CHK     include/generated/version_autogenerated.h
  CHK     include/generated/timestamp_autogenerated.h
  UPD     include/generated/timestamp_autogenerated.h
  CHK     include/generated/generic-asm-offsets.h
  CHK     include/generated/asm-offsets.h
  HOSTCC  tools/mkenvimage.o
  HOSTLD  tools/mkenvimage
  HOSTCC  tools/image-host.o
  HOSTCC  tools/dumpimage.o
  HOSTLD  tools/dumpimage
  HOSTCC  tools/mkimage.o
  HOSTLD  tools/mkimage
  CC      arch/arm/cpu/armv7/mx6/clock.o
  LD      arch/arm/cpu/armv7/mx6/built-in.o
  LD      arch/arm/cpu/armv7/built-in.o
  CC      board/freescale/mx6sabresd/mx6sabresd.o
../board/freescale/mx6sabresd/mx6sabresd.c: In function 'setup_audmux':
../board/freescale/mx6sabresd/mx6sabresd.c:276:2: warning: implicit declaration of function 'enable_ccm_clko1' [-Wimplicit-function-declaration]
  enable_ccm_clko1();
  ^
../board/freescale/mx6sabresd/mx6sabresd.c: In function 'board_late_mmc_env_init':
../board/freescale/mx6sabresd/mx6sabresd.c:629:2: warning: implicit declaration of function 'mmc_get_env_devno' [-Wimplicit-function-declaration]
  u32 dev_no = mmc_get_env_devno();
  ^
../board/freescale/mx6sabresd/mx6sabresd.c:638:3: warning: implicit declaration of function 'mmc_map_to_kernel_blk' [-Wimplicit-function-declaration]
   mmc_map_to_kernel_blk(dev_no));
   ^
../board/freescale/mx6sabresd/mx6sabresd.c: At top level:
../board/freescale/mx6sabresd/mx6sabresd.c:911:13: warning: 'do_enable_hdmi' defined but not used [-Wunused-function]
 static void do_enable_hdmi(struct display_info_t const *dev)
             ^
../board/freescale/mx6sabresd/mx6sabresd.c:917:13: warning: 'enable_lvds' defined but not used [-Wunused-function]
 static void enable_lvds(struct display_info_t const *dev)
             ^
../board/freescale/mx6sabresd/mx6sabresd.c:1189:21: warning: 'pfuze' defined but not used [-Wunused-variable]
 static struct pmic *pfuze;
                     ^
  LD      board/freescale/mx6sabresd/built-in.o
  CC      common/main.o
  CC      common/board_f.o
  CC      common/cmd_version.o
  LD      common/built-in.o
  CC      drivers/video/cfb_console.o
  LD      drivers/video/built-in.o
  LD      drivers/built-in.o
  CC      lib/display_options.o
  LD      lib/built-in.o
  LD      u-boot
  OBJCOPY u-boot.bin
  MKIMAGE u-boot.imx
  OBJCOPY u-boot.srec
make[1]: Leaving directory `/work/jerry/adcs/u-boot-adcs/mx6adcs_eimnor_config'
